Writing log to /home/haocheng/Z_personal/Research/projects/Tai-e2/Tai-e/output/tai-e.log
Writing analysis plan to /home/haocheng/Z_personal/Research/projects/Tai-e2/Tai-e/output/tai-e-plan.yml
WorldBuilder starts ...
7045 classes with 66110 methods in the world
WorldBuilder finishes, elapsed time: 32.34s
pta starts ...
Loading taint config from /home/haocheng/Z_personal/Research/projects/Tai-e2/Tai-e/config/common/favorites-web-taint-config.yml
Cannot find source method '<javax.servlet.ServletRequest: java.lang.String getParameter(java.lang.String)>'
Cannot find source method '<javax.servlet.http.HttpServletRequest: java.lang.String getParameter(java.lang.String)>'
Cannot find source method '<synthetic.method.HttpServletRequestImpl: java.lang.String getParameter(java.lang.String)>'
Cannot find source method '<javax.servlet.http.HttpServletRequest: java.lang.String getHeader(java.lang.String)>'
Cannot find source method '<synthetic.method.HttpServletRequestImpl: java.lang.String getHeader(java.lang.String)>'
Cannot find source method '<javax.servlet.http.HttpServletRequest: java.lang.Object getAttribute(java.lang.String)>'
Cannot find source method '<javax.servlet.http.HttpSession: java.lang.Object getAttribute(java.lang.String)>'
Cannot find source method '<org.springframework.security.crypto.password.PasswordEncoder: java.lang.String encode(java.lang.CharSequence)>'
Cannot find source method '<org.springframework.security.config.authentication.CachingUserDetailsService: org.springframework.security.core.userdetails.UserDetails loadUserByUsername(java.lang.String)>'
Cannot find source method '<org.springframework.security.core.userdetails.UserDetailsByNameServiceWrapper: org.springframework.security.core.userdetails.UserDetails loadUserDetails(org.springframework.security.core.Authentication)>'
Cannot find source method '<org.apache.commons.jxpath.ri.parser.XPathParser: java.lang.String unescape(java.lang.String)>'
Cannot find source method '<org.apache.xmlrpc.webserver.HttpServletRequestImpl: java.lang.String getRealPath(java.lang.String)>'
Cannot find source method '<org.springframework.web.servlet.tags.UrlTag: java.lang.String createQueryString(java.util.List,java.util.Set,boolean)>'
Cannot find source method '<org.springframework.web.servlet.tags.UrlTag: java.lang.String createQueryString(java.util.List,java.util.Set,boolean)>'
Cannot find source method '<org.springframework.web.servlet.tags.UrlTag: java.lang.String createQueryString(java.util.List,java.util.Set,boolean)>'
Cannot find source method '<org.springframework.messaging.simp.stomp.StompDecoder: java.lang.String unescape(java.lang.String)>'
Cannot find source method '<org.apache.commons.jxpath.ri.JXPathContextReferenceImpl: java.lang.Object getValue(java.lang.String)>'
Cannot find source method '<com.google.auth.oauth2.DefaultCredentialsProvider: com.google.auth.oauth2.GoogleCredentials getDefaultCredentials(com.google.api.client.http.HttpTransport)>'
Cannot find source method '<org.jsoup.nodes.Entities: java.lang.String unescape(java.lang.String)>'
Cannot find source method '<org.springframework.util.DefaultPropertiesPersister: java.lang.String unescape(java.lang.String)>'
Cannot find source method '<org.owasp.webgoat.plugins.Plugin: void loadFiles(java.nio.file.Path)>'
Cannot find source method '<org.apache.xmlrpc.webserver.HttpServletResponseImpl: java.lang.String getHeader(java.lang.String)>'
Cannot find source method '<com.google.auth.oauth2.UserAuthorizer: com.google.auth.oauth2.UserCredentials getCredentialsFromCode(java.lang.String,java.net.URI)>'
Cannot find source method '<com.google.auth.oauth2.UserAuthorizer: com.google.auth.oauth2.UserCredentials getCredentialsFromCode(java.lang.String,java.net.URI)>'
Cannot find source method '<org.owasp.webgoat.util.HtmlEncoder: java.lang.String decode(java.lang.String)>'
Cannot find source method '<javax.naming.ldap.Rdn: java.lang.Object unescapeValue(java.lang.String)>'
Cannot find source method '<org.apache.xmlrpc.webserver.XmlRpcServletServer: org.apache.xmlrpc.common.XmlRpcHttpRequestConfigImpl getConfig(javax.servlet.http.HttpServletRequest)>'
Cannot find source method '<org.apache.xmlrpc.webserver.HttpServletRequestImpl: void parsePostData(java.util.Map,java.io.InputStream,java.lang.String)>'
Cannot find source method '<org.apache.xmlrpc.webserver.HttpServletRequestImpl: void parsePostData(java.util.Map,java.io.InputStream,java.lang.String)>'
Cannot find source method '<org.apache.xmlrpc.webserver.HttpServletRequestImpl: void parsePostData(java.util.Map,java.io.InputStream,java.lang.String)>'
Cannot find source method '<org.springframework.web.util.UrlPathHelper: java.lang.String decodeRequestString(javax.servlet.http.HttpServletRequest,java.lang.String)>'
Cannot find source method '<org.springframework.web.util.UrlPathHelper: java.lang.String decodeRequestString(javax.servlet.http.HttpServletRequest,java.lang.String)>'
Cannot find source method '<org.springframework.test.web.servlet.request.MockHttpServletRequestBuilder: org.springframework.test.web.servlet.request.MockHttpServletRequestBuilder requestAttr(java.lang.String,java.lang.Object)>'
Cannot find source method '<org.springframework.test.web.servlet.request.MockHttpServletRequestBuilder: org.springframework.test.web.servlet.request.MockHttpServletRequestBuilder requestAttr(java.lang.String,java.lang.Object)>'
Cannot find source method '<com.google.auth.oauth2.UserAuthorizer: com.google.auth.oauth2.UserCredentials getCredentials(java.lang.String)>'
Cannot find source method '<org.springframework.web.socket.sockjs.transport.handler.JsonpReceivingTransportHandler: java.lang.String[] readMessages(org.springframework.http.server.ServerHttpRequest)>'
Cannot find source method '<com.google.auth.oauth2.DefaultCredentialsProvider: com.google.auth.oauth2.GoogleCredentials getDefaultCredentialsUnsynchronized(com.google.api.client.http.HttpTransport)>'
Cannot find source method '<org.apache.xmlrpc.webserver.HttpServletRequestImpl: java.lang.String readLine(byte[])>'
Cannot find source method '<org.springframework.security.config.http.LogoutBeanDefinitionParser: org.springframework.beans.factory.config.BeanDefinition getLogoutRequestMatcher(java.lang.String)>'
Cannot find source method '<com.novell.ldap.rfc2251.RfcFilter: byte[] unescapeString(java.lang.String)>'
Cannot find source method '<org.springframework.web.socket.config.HandlersBeanDefinitionParser: org.springframework.beans.factory.config.BeanDefinition parse(org.w3c.dom.Element,org.springframework.beans.factory.xml.ParserContext)>'
Cannot find source method '<org.springframework.web.socket.config.HandlersBeanDefinitionParser: org.springframework.beans.factory.config.BeanDefinition parse(org.w3c.dom.Element,org.springframework.beans.factory.xml.ParserContext)>'
Cannot find source method '<org.jsoup.parser.Parser: org.jsoup.nodes.Document parse(java.lang.String,java.lang.String)>'
Cannot find source method '<org.jsoup.parser.Parser: org.jsoup.nodes.Document parse(java.lang.String,java.lang.String)>'
Cannot find source method '<javax.servlet.ServletRequestWrapper: java.lang.String getParameter(java.lang.String)>'
Cannot find source method '<org.apache.http.util.EntityUtils: java.lang.String toString(org.apache.http.HttpEntity)>'
Cannot find source method '%<org.apache.http.util.EntityUtils: java.lang.String toString(org.apache.http.HttpEntity)>'
Cannot find source method '%<org.apache.http.util.EntityUtils: java.lang.String toString(org.apache.http.HttpEntity,java.lang.String)>'
Cannot find source method '%<org.apache.http.util.EntityUtils: java.lang.String toString(org.apache.http.HttpEntity,java.lang.String)>'
Cannot find source method '%<org.apache.http.util.EntityUtils: byte[] toByteArray(org.apache.http.HttpEntity)>'
Cannot find source method '%<org.apache.http.util.EntityUtils: java.lang.String getContentCharSet(org.apache.http.HttpEntity)>'
Cannot find source method '%<com.huawei.modelcontroller.ModelOneController: void getDataFromSerialization(com.huawei.bean.TokenBeanWeb)>'
Cannot find source method '<redis.clients.jedis.Jedis: java.lang.String set(java.lang.String,java.lang.String,redis.clients.jedis.params.SetParams)>'
Cannot find source method '<redis.clients.jedis.Jedis: java.lang.String set(java.lang.String,java.lang.String,redis.clients.jedis.params.SetParams)>'
Cannot find source method '<redis.clients.jedis.Jedis: java.lang.String set(java.lang.String,java.lang.String,redis.clients.jedis.params.SetParams)>'
Cannot find source method '<com.alibaba.fastjson.JSONObject: java.lang.String toJSONString(java.lang.Object)>'
Cannot find source method '<org.apache.commons.lang3.builder.ToStringBuilder: java.lang.String reflectionToString(java.lang.Object)>'
Cannot find sink method '<javax.persistence.EntityManager: javax.persistence.TypedQuery createQuery(java.lang.String,java.lang.Class)>'
Cannot find sink method '<javax.persistence.EntityManager: javax.persistence.TypedQuery createQuery(java.lang.String,java.lang.Class)>'
Cannot find sink method '<javax.servlet.http.HttpServletResponse: void sendRedirect(java.lang.String)>'
Cannot find sink method '<javax.servlet.ServletOutputStream: void write(byte[],int,int)>'
Cannot find sink method '<javax.servlet.ServletOutputStream: void write(byte[],int,int)>'
Cannot find sink method '<javax.servlet.ServletOutputStream: void write(byte[],int,int)>'
Cannot find sink method '<org.slf4j.Logger: void info(org.slf4j.Marker,java.lang.String)>'
Cannot find sink method '<org.slf4j.Logger: void info(org.slf4j.Marker,java.lang.String)>'
Cannot find sink method '<org.slf4j.Logger: void info(java.lang.String,java.lang.Object)>'
Cannot find sink method '<org.slf4j.Logger: void info(java.lang.String,java.lang.Object)>'
Cannot find sink method '<org.apache.shiro.cache.Cache: java.lang.Object put(java.lang.Object,java.lang.Object)>'
Cannot find sink method '<org.apache.shiro.cache.Cache: java.lang.Object put(java.lang.Object,java.lang.Object)>'
Cannot find sink method '<net.sf.ehcache.Cache: void put(net.sf.ehcache.Element)>'
Cannot find sink method '<org.slf4j.Logger: void debug(java.lang.String)>'
Cannot find sink method '<org.apache.tools.zip.ZipOutputStream: void write(byte[],int,int)>'
Cannot find sink method '<org.apache.tools.zip.ZipOutputStream: void write(byte[],int,int)>'
Cannot find sink method '<org.apache.tools.zip.ZipOutputStream: void write(byte[],int,int)>'
Cannot find sink method '<org.apache.tools.zip.ZipOutputStream: void putNextEntry(org.apache.tools.zip.ZipEntry)>'
Cannot find sink method '<org.slf4j.Logger: void warn(java.lang.String,java.lang.Object[])>'
Cannot find sink method '<org.slf4j.Logger: void warn(java.lang.String,java.lang.Object[])>'
Cannot find sink method '<redis.clients.jedis.Jedis: java.lang.String set(byte[],byte[])>'
Cannot find sink method '<redis.clients.jedis.Jedis: java.lang.String set(byte[],byte[])>'
Cannot find sink method '<redis.clients.jedis.Jedis: java.lang.Long rpush(java.lang.String,java.lang.String[])>'
Cannot find sink method '<redis.clients.jedis.Jedis: java.lang.Long rpush(java.lang.String,java.lang.String[])>'
Cannot find sink method '<redis.clients.jedis.Jedis: java.lang.Long sadd(java.lang.String,java.lang.String[])>'
Cannot find sink method '<redis.clients.jedis.Jedis: java.lang.Long sadd(java.lang.String,java.lang.String[])>'
Cannot find sink method '<redis.clients.jedis.Jedis: java.util.Map hgetAll(java.lang.String)>'
Cannot find sink method '<redis.clients.jedis.Jedis: java.lang.String hmset(java.lang.String,java.util.Map)>'
Cannot find sink method '<redis.clients.jedis.Jedis: java.lang.String hmset(java.lang.String,java.util.Map)>'
Cannot find sink method '<org.apache.commons.mail.HtmlEmail: void setAuthentication(java.lang.String,java.lang.String)>'
Cannot find sink method '<org.apache.commons.mail.HtmlEmail: void setAuthentication(java.lang.String,java.lang.String)>'
Cannot find sink method '<com.fasterxml.jackson.databind.ObjectMapper: java.lang.String writeValueAsString(java.lang.Object)>'
Cannot find sink method '<redis.clients.jedis.Jedis: java.lang.String set(java.lang.String,java.lang.String,redis.clients.jedis.params.SetParams)>'
Cannot find sink method '<redis.clients.jedis.Jedis: java.lang.String set(java.lang.String,java.lang.String,redis.clients.jedis.params.SetParams)>'
Cannot find sink method '<redis.clients.jedis.Jedis: java.lang.String set(java.lang.String,java.lang.String,redis.clients.jedis.params.SetParams)>'
Cannot find sink method '<org.apache.xalan.xsltc.runtime.BasisLibrary: java.lang.String replace(java.lang.String,java.lang.String,java.lang.String[])>'
Cannot find sink method '<org.apache.xalan.xsltc.runtime.BasisLibrary: java.lang.String replace(java.lang.String,java.lang.String,java.lang.String[])>'
Cannot find sink method '<org.apache.xalan.xsltc.runtime.BasisLibrary: java.lang.String replace(java.lang.String,java.lang.String,java.lang.String[])>'
Cannot find sink method '<org.springframework.mock.web.portlet.MockPortletRequest: void setParameters(java.util.Map)>'
Cannot find sink method '<org.apache.axis2.description.AxisService: void printWSDLError(java.io.OutputStream)>'
Cannot find sink method '<org.springframework.mock.web.portlet.MockPortletRequest: void setParameter(java.lang.String,java.lang.String)>'
Cannot find sink method '<org.springframework.mock.web.portlet.MockPortletRequest: void setParameter(java.lang.String,java.lang.String)>'
Cannot find sink method '<org.apache.commons.lang3.text.StrSubstitutor: java.lang.String replace(char[])>'
Cannot find sink method '<org.apache.xmlrpc.webserver.XmlRpcServletServer: void setResponseHeader(org.apache.xmlrpc.common.ServerStreamConnection,java.lang.String,java.lang.String)>'
Cannot find sink method '<org.apache.xmlrpc.webserver.XmlRpcServletServer: void setResponseHeader(org.apache.xmlrpc.common.ServerStreamConnection,java.lang.String,java.lang.String)>'
Cannot find sink method '<org.apache.xmlrpc.webserver.XmlRpcServletServer: void setResponseHeader(org.apache.xmlrpc.common.ServerStreamConnection,java.lang.String,java.lang.String)>'
Cannot find sink method '<net.sourceforge.pebble.domain.Comment: void setAuthenticated(boolean)>'
Cannot find sink method '<org.springframework.web.socket.server.support.WebSocketHttpRequestHandler: void handleRequest(javax.servlet.http.HttpServletRequest,javax.servlet.http.HttpServletResponse)>'
Cannot find sink method '<org.springframework.web.socket.server.support.WebSocketHttpRequestHandler: void handleRequest(javax.servlet.http.HttpServletRequest,javax.servlet.http.HttpServletResponse)>'
Cannot find sink method '<org.apache.xmlrpc.server.ReflectiveXmlRpcHandler: java.lang.Object execute(org.apache.xmlrpc.XmlRpcRequest)>'
Cannot find sink method '<com.mysql.jdbc.Statement: java.sql.ResultSet executeQuery(java.lang.String)>'
Cannot find sink method '<org.springframework.test.context.transaction.TransactionalTestExecutionListener: void runAfterTransactionMethods(org.springframework.test.context.TestContext)>'
Cannot find sink method '<org.apache.stratos.cli.StratosApplication: int run(java.lang.String[])>'
Cannot find sink method '<org.owasp.webgoat.session.ParameterParser: void update(javax.servlet.ServletRequest)>'
Cannot find sink method '<org.apache.commons.lang3.text.StrSubstitutor: java.lang.String replace(java.lang.CharSequence)>'
Cannot find sink method '<org.apache.xmlrpc.webserver.XmlRpcServletServer: void execute(javax.servlet.http.HttpServletRequest,javax.servlet.http.HttpServletResponse)>'
Cannot find sink method '<org.apache.xmlrpc.webserver.XmlRpcServletServer: void execute(javax.servlet.http.HttpServletRequest,javax.servlet.http.HttpServletResponse)>'
Cannot find sink method '<org.apache.xmlrpc.webserver.ServletOutputStreamImpl: void write(byte[],int,int)>'
Cannot find sink method '<org.apache.xmlrpc.webserver.ServletOutputStreamImpl: void write(byte[],int,int)>'
Cannot find sink method '<org.apache.xmlrpc.webserver.ServletOutputStreamImpl: void write(byte[],int,int)>'
Cannot find sink method '<org.apache.xmlrpc.webserver.ConnectionServer: void writeResponse(org.apache.xmlrpc.common.XmlRpcStreamRequestConfig,java.io.OutputStream,java.lang.Object)>'
Cannot find sink method '<org.apache.xmlrpc.webserver.ConnectionServer: void writeResponse(org.apache.xmlrpc.common.XmlRpcStreamRequestConfig,java.io.OutputStream,java.lang.Object)>'
Cannot find sink method '<org.apache.xmlrpc.webserver.ConnectionServer: void writeResponse(org.apache.xmlrpc.common.XmlRpcStreamRequestConfig,java.io.OutputStream,java.lang.Object)>'
Cannot find sink method '<org.apache.xmlrpc.webserver.Connection: void writeResponseHeader(org.apache.xmlrpc.webserver.RequestData,int)>'
Cannot find sink method '<org.apache.xmlrpc.webserver.Connection: void writeResponseHeader(org.apache.xmlrpc.webserver.RequestData,int)>'
Cannot find sink method '<org.apache.bcel.util.JavaWrapper: void runMain(java.lang.String,java.lang.String[])>'
Cannot find sink method '<org.apache.bcel.util.JavaWrapper: void runMain(java.lang.String,java.lang.String[])>'
Cannot find sink method '<org.springframework.format.datetime.joda.PeriodFormatter: java.lang.Object parse(java.lang.String,java.util.Locale)>'
Cannot find sink method '<org.springframework.format.datetime.joda.PeriodFormatter: java.lang.Object parse(java.lang.String,java.util.Locale)>'
Cannot find sink method '<org.apache.xerces.impl.xs.models.XSDFACM: void dumpTree(org.apache.xerces.impl.dtd.models.CMNode,int)>'
Cannot find sink method '<org.apache.xerces.impl.xs.models.XSDFACM: void dumpTree(org.apache.xerces.impl.dtd.models.CMNode,int)>'
Cannot find sink method '<org.springframework.jdbc.core.JdbcTemplate: java.lang.Object query(java.lang.String,org.springframework.jdbc.core.ResultSetExtractor)>'
Cannot find sink method '<org.springframework.jdbc.core.JdbcTemplate: java.lang.Object query(java.lang.String,org.springframework.jdbc.core.ResultSetExtractor)>'
Cannot find sink method '<org.owasp.webgoat.session.DatabaseUtilities: java.sql.Connection getHsqldbConnection(java.lang.String,org.owasp.webgoat.session.WebgoatContext)>'
Cannot find sink method '<org.owasp.webgoat.session.DatabaseUtilities: java.sql.Connection getHsqldbConnection(java.lang.String,org.owasp.webgoat.session.WebgoatContext)>'
Cannot find sink method '<org.springframework.jdbc.core.JdbcTemplate: void execute(java.lang.String)>'
Cannot find sink method '<org.springframework.mock.web.MockBodyContent: void println(java.lang.String)>'
Cannot find sink method '<org.owasp.webgoat.HammerHead: void log(javax.servlet.http.HttpServletRequest,java.lang.String)>'
Cannot find sink method '<org.owasp.webgoat.HammerHead: void log(javax.servlet.http.HttpServletRequest,java.lang.String)>'
Cannot find sink method '<org.apache.xmlrpc.server.XmlRpcServerWorker: java.lang.Object execute(org.apache.xmlrpc.XmlRpcRequest)>'
Cannot find sink method '<org.owasp.webgoat.session.LessonSession: void setAuthenticated(boolean)>'
Cannot find sink method '<org.owasp.webgoat.session.WebSession: void update(javax.servlet.http.HttpServletRequest,javax.servlet.http.HttpServletResponse,java.lang.String)>'
Cannot find sink method '<org.owasp.webgoat.session.WebSession: void update(javax.servlet.http.HttpServletRequest,javax.servlet.http.HttpServletResponse,java.lang.String)>'
Cannot find sink method '<org.owasp.webgoat.session.WebSession: void update(javax.servlet.http.HttpServletRequest,javax.servlet.http.HttpServletResponse,java.lang.String)>'
Cannot find sink method '<org.hibernate.validator.internal.util.ConcurrentReferenceHashMap: boolean replace(java.lang.Object,java.lang.Object,java.lang.Object)>'
Cannot find sink method '<org.hibernate.validator.internal.util.ConcurrentReferenceHashMap: boolean replace(java.lang.Object,java.lang.Object,java.lang.Object)>'
Cannot find sink method '<org.hibernate.validator.internal.util.ConcurrentReferenceHashMap: boolean replace(java.lang.Object,java.lang.Object,java.lang.Object)>'
Cannot find sink method '<org.apache.xmlrpc.webserver.WebServer: void setParanoid(boolean)>'
Cannot find sink method '<com.novell.ldap.rfc2251.RfcFilter: void addSubstring(int,byte[])>'
Cannot find sink method '<com.novell.ldap.rfc2251.RfcFilter: void addSubstring(int,byte[])>'
Cannot find sink method '<org.springframework.web.socket.sockjs.transport.session.WebSocketServerSockJsSession: void handleMessage(org.springframework.web.socket.TextMessage,org.springframework.web.socket.WebSocketSession)>'
Cannot find sink method '<org.springframework.web.socket.sockjs.transport.session.WebSocketServerSockJsSession: void handleMessage(org.springframework.web.socket.TextMessage,org.springframework.web.socket.WebSocketSession)>'
Cannot find sink method '<org.xmldb.api.base.XMLDBException: void printStackTrace(java.io.PrintWriter)>'
Cannot find sink method '<org.springframework.web.socket.adapter.standard.StandardWebSocketSession: void sendTextMessage(org.springframework.web.socket.TextMessage)>'
Cannot find sink method '<org.apache.xerces.impl.xpath.regex.REUtil: void dumpString(java.lang.String)>'
Cannot find sink method '<org.apache.xalan.xsltc.compiler.util.Util: java.lang.String replace(java.lang.String,java.lang.String,java.lang.String[])>'
Cannot find sink method '<org.apache.xalan.xsltc.compiler.util.Util: java.lang.String replace(java.lang.String,java.lang.String,java.lang.String[])>'
Cannot find sink method '<org.apache.xalan.xsltc.compiler.util.Util: java.lang.String replace(java.lang.String,java.lang.String,java.lang.String[])>'
Cannot find sink method '<org.apache.http.impl.conn.DefaultClientConnection: void sendRequestHeader(org.apache.http.HttpRequest)>'
Cannot find sink method '<org.apache.commons.validator.util.ValidatorUtils: java.lang.String replace(java.lang.String,java.lang.String,java.lang.String)>'
Cannot find sink method '<org.apache.commons.validator.util.ValidatorUtils: java.lang.String replace(java.lang.String,java.lang.String,java.lang.String)>'
Cannot find sink method '<org.apache.commons.validator.util.ValidatorUtils: java.lang.String replace(java.lang.String,java.lang.String,java.lang.String)>'
Cannot find sink method '<com.google.json.JsonSanitizer: void replace(int,int,java.lang.String)>'
Cannot find sink method '<com.google.json.JsonSanitizer: void replace(int,int,java.lang.String)>'
Cannot find sink method '<com.google.json.JsonSanitizer: void replace(int,int,java.lang.String)>'
Cannot find sink method '<org.owasp.esapi.reference.validation.StringValidationRule: void addBlacklistPattern(java.util.regex.Pattern)>'
Cannot find sink method '<org.apache.commons.lang3.text.StrSubstitutor: java.lang.String replace(java.lang.CharSequence,int,int)>'
Cannot find sink method '<org.apache.commons.lang3.text.StrSubstitutor: java.lang.String replace(java.lang.CharSequence,int,int)>'
Cannot find sink method '<org.apache.commons.lang3.text.StrSubstitutor: java.lang.String replace(java.lang.CharSequence,int,int)>'
Cannot find sink method '<org.springframework.security.util.FieldUtils: void setProtectedFieldValue(java.lang.String,java.lang.Object,java.lang.Object)>'
Cannot find sink method '<org.springframework.security.util.FieldUtils: void setProtectedFieldValue(java.lang.String,java.lang.Object,java.lang.Object)>'
Cannot find sink method '<org.springframework.security.util.FieldUtils: void setProtectedFieldValue(java.lang.String,java.lang.Object,java.lang.Object)>'
Cannot find sink method '<org.springframework.mock.web.MockBodyContent: void println(char[])>'
Cannot find sink method '<org.springframework.test.context.junit4.SpringJUnit4ClassRunner: void runChild(org.junit.runners.model.FrameworkMethod,org.junit.runner.notification.RunNotifier)>'
Cannot find sink method '<org.springframework.test.context.junit4.SpringJUnit4ClassRunner: void runChild(org.junit.runners.model.FrameworkMethod,org.junit.runner.notification.RunNotifier)>'
Cannot find sink method '<org.springframework.web.socket.handler.ConcurrentWebSocketSessionDecorator: void sendMessage(org.springframework.web.socket.WebSocketMessage)>'
Cannot find sink method '<org.springframework.orm.hibernate3.TypeDefinitionBean: void setParameters(java.util.Properties)>'
Cannot find sink method '<org.springframework.format.datetime.joda.DateTimeParser: org.joda.time.DateTime parse(java.lang.String,java.util.Locale)>'
Cannot find sink method '<org.springframework.format.datetime.joda.DateTimeParser: org.joda.time.DateTime parse(java.lang.String,java.util.Locale)>'
Cannot find sink method '<org.apache.commons.io.HexDump: void dump(byte[],long,java.io.OutputStream,int)>'
Cannot find sink method '<org.apache.commons.io.HexDump: void dump(byte[],long,java.io.OutputStream,int)>'
Cannot find sink method '<org.apache.commons.io.HexDump: void dump(byte[],long,java.io.OutputStream,int)>'
Cannot find sink method '<org.apache.commons.io.HexDump: void dump(byte[],long,java.io.OutputStream,int)>'
Cannot find sink method '<org.springframework.mock.web.MockJspWriter: void println(java.lang.String)>'
Cannot find sink method '<org.apache.xalan.templates.ElemTemplateElement: org.w3c.dom.Node replaceChild(org.w3c.dom.Node,org.w3c.dom.Node)>'
Cannot find sink method '<org.apache.xalan.templates.ElemTemplateElement: org.w3c.dom.Node replaceChild(org.w3c.dom.Node,org.w3c.dom.Node)>'
Cannot find sink method '<org.springframework.web.socket.config.HandlersBeanDefinitionParser: org.springframework.beans.factory.config.BeanDefinition parse(org.w3c.dom.Element,org.springframework.beans.factory.xml.ParserContext)>'
Cannot find sink method '<org.springframework.web.socket.config.HandlersBeanDefinitionParser: org.springframework.beans.factory.config.BeanDefinition parse(org.w3c.dom.Element,org.springframework.beans.factory.xml.ParserContext)>'
Cannot find sink method '<com.github.scribejava.core.oauth.OAuth20Service: com.github.scribejava.core.model.OAuth2AccessToken sendAccessTokenRequestSync(com.github.scribejava.core.model.OAuthRequest)>'
Cannot find sink method '<com.github.scribejava.core.oauth.OAuth20Service: java.util.concurrent.Future sendAccessTokenRequestAsync(com.github.scribejava.core.model.OAuthRequestAsync,com.github.scribejava.core.model.OAuthAsyncRequestCallback)>'
Cannot find sink method '<com.github.scribejava.core.oauth.OAuth20Service: java.util.concurrent.Future sendAccessTokenRequestAsync(com.github.scribejava.core.model.OAuthRequestAsync,com.github.scribejava.core.model.OAuthAsyncRequestCallback)>'
Cannot find sink method '<org.apache.xmlrpc.client.XmlRpcClient: java.lang.Object execute(java.lang.String,java.lang.Object[])>'
Cannot find sink method '<org.apache.xmlrpc.client.XmlRpcClient: java.lang.Object execute(java.lang.String,java.lang.Object[])>'
Cannot find sink method '<org.apache.xpath.jaxp.XPathImpl: javax.xml.xpath.XPathExpression compile(java.lang.String)>'
Cannot find sink method '<org.jsoup.parser.Parser: org.jsoup.nodes.Document parse(java.lang.String,java.lang.String)>'
Cannot find sink method '<org.jsoup.parser.Parser: org.jsoup.nodes.Document parse(java.lang.String,java.lang.String)>'
Cannot find sink method '<org.jsoup.nodes.Node: org.jsoup.nodes.Node before(java.lang.String)>'
Cannot find sink method '<org.jsoup.nodes.Node: org.jsoup.nodes.Node after(java.lang.String)>'
Cannot find sink method '<javax.servlet.http.HttpServletResponseWrapper: void sendRedirect(java.lang.String)>'
Cannot find sink method '<java.io.OutputStreamWriter: java.io.Writer append(java.lang.CharSequence)>'
Cannot find sink method '<com.alibaba.excel.write.builder.ExcelWriterSheetBuilder: void doWrite(java.util.List)>'
Cannot find sink method '<com.baomidou.mybatisplus.extension.service.IService: boolean save(java.lang.Object)>'
Cannot find sink method '<com.baomidou.mybatisplus.extension.service.IService: boolean saveBatch(java.util.Collection)>'
Cannot find sink method '<com.baomidou.mybatisplus.extension.service.IService: boolean saveBatch(java.util.Collection,int)>'
Cannot find sink method '<com.baomidou.mybatisplus.extension.service.IService: boolean saveBatch(java.util.Collection,int)>'
Cannot find sink method '<com.baomidou.mybatisplus.extension.service.IService: boolean saveOrUpdateBatch(java.util.Collection)>'
Cannot find sink method '<com.baomidou.mybatisplus.extension.service.IService: boolean saveOrUpdateBatch(java.util.Collection,int)>'
Cannot find sink method '<com.baomidou.mybatisplus.extension.service.IService: boolean saveOrUpdateBatch(java.util.Collection,int)>'
Cannot find sink method '<com.baomidou.mybatisplus.extension.service.IService: boolean saveOrUpdate(java.lang.Object)>'
Cannot find sink method '<com.baomidou.mybatisplus.extension.service.IService: boolean saveOrUpdate(java.lang.Object,com.baomidou.mybatisplus.core.conditions.Wrapper)>'
Cannot find sink method '<com.baomidou.mybatisplus.extension.service.IService: boolean saveOrUpdate(java.lang.Object,com.baomidou.mybatisplus.core.conditions.Wrapper)>'
Cannot find sink method '<org.apache.poi.hssf.usermodel.HSSFCell: void setCellValueImpl(double)>'
Cannot find sink method '<org.apache.poi.hssf.usermodel.HSSFCell: void setCellValueImpl(java.util.Date)>'
Cannot find sink method '<org.apache.poi.hssf.usermodel.HSSFCell: void setCellValueImpl(java.time.LocalDateTime)>'
Cannot find sink method '<org.apache.poi.hssf.usermodel.HSSFCell: void setCellValueImpl(java.util.Calendar)>'
Cannot find sink method '<org.apache.poi.hssf.usermodel.HSSFCell: void setCellValueImpl(java.lang.String)>'
Cannot find sink method '<org.apache.poi.hssf.usermodel.HSSFCell: void setCellValueImpl(org.apache.poi.ss.usermodel.RichTextString)>'
Cannot find sink method '<org.apache.poi.hssf.usermodel.HSSFCell: void setCellValue(boolean)>'
Cannot find sink method '<org.slf4j.Logger: void info(java.lang.String)>'
Cannot find sink method '<org.slf4j.Logger: void info(java.lang.String,java.lang.Object)>'
Cannot find sink method '<org.slf4j.Logger: void info(java.lang.String,java.lang.Object)>'
Cannot find sink method '<org.slf4j.Logger: void info(java.lang.String,java.lang.Object,java.lang.Object)>'
Cannot find sink method '<org.slf4j.Logger: void info(java.lang.String,java.lang.Object,java.lang.Object)>'
Cannot find sink method '<org.slf4j.Logger: void info(java.lang.String,java.lang.Object,java.lang.Object)>'
Cannot find sink method '<org.slf4j.Logger: void info(java.lang.String,java.lang.Object[])>'
Cannot find sink method '<org.slf4j.Logger: void info(java.lang.String,java.lang.Object[])>'
Cannot find sink method '<org.slf4j.Logger: void info(java.lang.String,java.lang.Throwable)>'
Cannot find sink method '<org.slf4j.Logger: void info(java.lang.String,java.lang.Throwable)>'
Cannot find sink method '<org.slf4j.Logger: void info(org.slf4j.Marker,java.lang.String)>'
Cannot find sink method '<org.slf4j.Logger: void info(org.slf4j.Marker,java.lang.String)>'
Cannot find sink method '<org.slf4j.Logger: void info(org.slf4j.Marker,java.lang.String,java.lang.Object)>'
Cannot find sink method '<org.slf4j.Logger: void info(org.slf4j.Marker,java.lang.String,java.lang.Object)>'
Cannot find sink method '<org.slf4j.Logger: void info(org.slf4j.Marker,java.lang.String,java.lang.Object)>'
Cannot find sink method '<org.slf4j.Logger: void info(org.slf4j.Marker,java.lang.String,java.lang.Object,java.lang.Object)>'
Cannot find sink method '<org.slf4j.Logger: void info(org.slf4j.Marker,java.lang.String,java.lang.Object,java.lang.Object)>'
Cannot find sink method '<org.slf4j.Logger: void info(org.slf4j.Marker,java.lang.String,java.lang.Object,java.lang.Object)>'
Cannot find sink method '<org.slf4j.Logger: void info(org.slf4j.Marker,java.lang.String,java.lang.Object,java.lang.Object)>'
Cannot find sink method '<org.slf4j.Logger: void info(org.slf4j.Marker,java.lang.String,java.lang.Object[])>'
Cannot find sink method '<org.slf4j.Logger: void info(org.slf4j.Marker,java.lang.String,java.lang.Object[])>'
Cannot find sink method '<org.slf4j.Logger: void info(org.slf4j.Marker,java.lang.String,java.lang.Object[])>'
Cannot find sink method '<org.slf4j.Logger: void info(org.slf4j.Marker,java.lang.String,java.lang.Throwable)>'
Cannot find sink method '<org.slf4j.Logger: void info(org.slf4j.Marker,java.lang.String,java.lang.Throwable)>'
Cannot find sink method '<org.slf4j.Logger: void info(org.slf4j.Marker,java.lang.String,java.lang.Throwable)>'
Cannot find sink method '<org.slf4j.Logger: void debug(java.lang.String)>'
Cannot find sink method '<org.slf4j.Logger: void debug(java.lang.String,java.lang.Object)>'
Cannot find sink method '<org.slf4j.Logger: void debug(java.lang.String,java.lang.Object)>'
Cannot find sink method '<org.slf4j.Logger: void debug(java.lang.String,java.lang.Object,java.lang.Object)>'
Cannot find sink method '<org.slf4j.Logger: void debug(java.lang.String,java.lang.Object,java.lang.Object)>'
Cannot find sink method '<org.slf4j.Logger: void debug(java.lang.String,java.lang.Object,java.lang.Object)>'
Cannot find sink method '<org.slf4j.Logger: void debug(java.lang.String,java.lang.Object[])>'
Cannot find sink method '<org.slf4j.Logger: void debug(java.lang.String,java.lang.Object[])>'
Cannot find sink method '<org.slf4j.Logger: void debug(java.lang.String,java.lang.Throwable)>'
Cannot find sink method '<org.slf4j.Logger: void debug(java.lang.String,java.lang.Throwable)>'
Cannot find sink method '<org.slf4j.Logger: void debug(org.slf4j.Marker,java.lang.String)>'
Cannot find sink method '<org.slf4j.Logger: void debug(org.slf4j.Marker,java.lang.String)>'
Cannot find sink method '<org.slf4j.Logger: void debug(org.slf4j.Marker,java.lang.String,java.lang.Object)>'
Cannot find sink method '<org.slf4j.Logger: void debug(org.slf4j.Marker,java.lang.String,java.lang.Object)>'
Cannot find sink method '<org.slf4j.Logger: void debug(org.slf4j.Marker,java.lang.String,java.lang.Object)>'
Cannot find sink method '<org.slf4j.Logger: void debug(org.slf4j.Marker,java.lang.String,java.lang.Object,java.lang.Object)>'
Cannot find sink method '<org.slf4j.Logger: void debug(org.slf4j.Marker,java.lang.String,java.lang.Object,java.lang.Object)>'
Cannot find sink method '<org.slf4j.Logger: void debug(org.slf4j.Marker,java.lang.String,java.lang.Object,java.lang.Object)>'
Cannot find sink method '<org.slf4j.Logger: void debug(org.slf4j.Marker,java.lang.String,java.lang.Object,java.lang.Object)>'
Cannot find sink method '<org.slf4j.Logger: void debug(org.slf4j.Marker,java.lang.String,java.lang.Object[])>'
Cannot find sink method '<org.slf4j.Logger: void debug(org.slf4j.Marker,java.lang.String,java.lang.Object[])>'
Cannot find sink method '<org.slf4j.Logger: void debug(org.slf4j.Marker,java.lang.String,java.lang.Object[])>'
Cannot find sink method '<org.slf4j.Logger: void debug(org.slf4j.Marker,java.lang.String,java.lang.Throwable)>'
Cannot find sink method '<org.slf4j.Logger: void debug(org.slf4j.Marker,java.lang.String,java.lang.Throwable)>'
Cannot find sink method '<org.slf4j.Logger: void debug(org.slf4j.Marker,java.lang.String,java.lang.Throwable)>'
Cannot find sink method '<org.slf4j.Logger: void warn(java.lang.String)>'
Cannot find sink method '<org.slf4j.Logger: void warn(java.lang.String,java.lang.Object)>'
Cannot find sink method '<org.slf4j.Logger: void warn(java.lang.String,java.lang.Object)>'
Cannot find sink method '<org.slf4j.Logger: void warn(java.lang.String,java.lang.Object,java.lang.Object)>'
Cannot find sink method '<org.slf4j.Logger: void warn(java.lang.String,java.lang.Object,java.lang.Object)>'
Cannot find sink method '<org.slf4j.Logger: void warn(java.lang.String,java.lang.Object,java.lang.Object)>'
Cannot find sink method '<org.slf4j.Logger: void warn(java.lang.String,java.lang.Object[])>'
Cannot find sink method '<org.slf4j.Logger: void warn(java.lang.String,java.lang.Object[])>'
Cannot find sink method '<org.slf4j.Logger: void warn(java.lang.String,java.lang.Throwable)>'
Cannot find sink method '<org.slf4j.Logger: void warn(java.lang.String,java.lang.Throwable)>'
Cannot find sink method '<org.slf4j.Logger: void warn(org.slf4j.Marker,java.lang.String)>'
Cannot find sink method '<org.slf4j.Logger: void warn(org.slf4j.Marker,java.lang.String)>'
Cannot find sink method '<org.slf4j.Logger: void warn(org.slf4j.Marker,java.lang.String,java.lang.Object)>'
Cannot find sink method '<org.slf4j.Logger: void warn(org.slf4j.Marker,java.lang.String,java.lang.Object)>'
Cannot find sink method '<org.slf4j.Logger: void warn(org.slf4j.Marker,java.lang.String,java.lang.Object)>'
Cannot find sink method '<org.slf4j.Logger: void warn(org.slf4j.Marker,java.lang.String,java.lang.Object,java.lang.Object)>'
Cannot find sink method '<org.slf4j.Logger: void warn(org.slf4j.Marker,java.lang.String,java.lang.Object,java.lang.Object)>'
Cannot find sink method '<org.slf4j.Logger: void warn(org.slf4j.Marker,java.lang.String,java.lang.Object,java.lang.Object)>'
Cannot find sink method '<org.slf4j.Logger: void warn(org.slf4j.Marker,java.lang.String,java.lang.Object,java.lang.Object)>'
Cannot find sink method '<org.slf4j.Logger: void warn(org.slf4j.Marker,java.lang.String,java.lang.Object[])>'
Cannot find sink method '<org.slf4j.Logger: void warn(org.slf4j.Marker,java.lang.String,java.lang.Object[])>'
Cannot find sink method '<org.slf4j.Logger: void warn(org.slf4j.Marker,java.lang.String,java.lang.Object[])>'
Cannot find sink method '<org.slf4j.Logger: void warn(org.slf4j.Marker,java.lang.String,java.lang.Throwable)>'
Cannot find sink method '<org.slf4j.Logger: void warn(org.slf4j.Marker,java.lang.String,java.lang.Throwable)>'
Cannot find sink method '<org.slf4j.Logger: void warn(org.slf4j.Marker,java.lang.String,java.lang.Throwable)>'
Cannot find sink method '<org.slf4j.Logger: void error(java.lang.String)>'
Cannot find sink method '<org.slf4j.Logger: void error(java.lang.String,java.lang.Object)>'
Cannot find sink method '<org.slf4j.Logger: void error(java.lang.String,java.lang.Object)>'
Cannot find sink method '<org.slf4j.Logger: void error(java.lang.String,java.lang.Object,java.lang.Object)>'
Cannot find sink method '<org.slf4j.Logger: void error(java.lang.String,java.lang.Object,java.lang.Object)>'
Cannot find sink method '<org.slf4j.Logger: void error(java.lang.String,java.lang.Object,java.lang.Object)>'
Cannot find sink method '<org.slf4j.Logger: void error(java.lang.String,java.lang.Object[])>'
Cannot find sink method '<org.slf4j.Logger: void error(java.lang.String,java.lang.Object[])>'
Cannot find sink method '<org.slf4j.Logger: void error(java.lang.String,java.lang.Throwable)>'
Cannot find sink method '<org.slf4j.Logger: void error(java.lang.String,java.lang.Throwable)>'
Cannot find sink method '<org.slf4j.Logger: void error(org.slf4j.Marker,java.lang.String)>'
Cannot find sink method '<org.slf4j.Logger: void error(org.slf4j.Marker,java.lang.String)>'
Cannot find sink method '<org.slf4j.Logger: void error(org.slf4j.Marker,java.lang.String,java.lang.Object)>'
Cannot find sink method '<org.slf4j.Logger: void error(org.slf4j.Marker,java.lang.String,java.lang.Object)>'
Cannot find sink method '<org.slf4j.Logger: void error(org.slf4j.Marker,java.lang.String,java.lang.Object)>'
Cannot find sink method '<org.slf4j.Logger: void error(org.slf4j.Marker,java.lang.String,java.lang.Object,java.lang.Object)>'
Cannot find sink method '<org.slf4j.Logger: void error(org.slf4j.Marker,java.lang.String,java.lang.Object,java.lang.Object)>'
Cannot find sink method '<org.slf4j.Logger: void error(org.slf4j.Marker,java.lang.String,java.lang.Object,java.lang.Object)>'
Cannot find sink method '<org.slf4j.Logger: void error(org.slf4j.Marker,java.lang.String,java.lang.Object,java.lang.Object)>'
Cannot find sink method '<org.slf4j.Logger: void error(org.slf4j.Marker,java.lang.String,java.lang.Object[])>'
Cannot find sink method '<org.slf4j.Logger: void error(org.slf4j.Marker,java.lang.String,java.lang.Object[])>'
Cannot find sink method '<org.slf4j.Logger: void error(org.slf4j.Marker,java.lang.String,java.lang.Object[])>'
Cannot find sink method '<org.slf4j.Logger: void error(org.slf4j.Marker,java.lang.String,java.lang.Throwable)>'
Cannot find sink method '<org.slf4j.Logger: void error(org.slf4j.Marker,java.lang.String,java.lang.Throwable)>'
Cannot find sink method '<org.slf4j.Logger: void error(org.slf4j.Marker,java.lang.String,java.lang.Throwable)>'
Cannot find sink method '<org.springframework.mail.javamail.JavaMailSenderImpl: void setPassword(java.lang.String)>'
Cannot find sink method '<org.slf4j.Logger: void debug(java.lang.String,java.lang.String,java.lang.String,java.lang.String)>'
Cannot find sink method '<org.slf4j.Logger: void debug(java.lang.String,java.lang.String,java.lang.String,java.lang.String)>'
Cannot find sink method '<org.slf4j.Logger: void debug(java.lang.String,java.lang.String,java.lang.String,java.lang.String)>'
Cannot find sink method '<org.slf4j.Logger: void debug(java.lang.String,java.lang.String,java.lang.String,java.lang.String)>'
Cannot find sink method '<com.fasterxml.jackson.databind.ObjectMapper: String writeValueAsString(java.lang.Object)>'
Cannot find sink method '<org.springframework.web.servlet.mvc.support.RedirectAttributes: org.springframework.web.servlet.mvc.support.RedirectAttributes addFlashAttribute(java.lang.String,java.lang.Object)>'
Cannot find sink method '<org.springframework.web.servlet.mvc.support.RedirectAttributes: org.springframework.web.servlet.mvc.support.RedirectAttributes addFlashAttribute(java.lang.String,java.lang.Object)>'
Cannot find sink method '<org.springframework.web.servlet.mvc.support.RedirectAttributes: org.springframework.web.servlet.mvc.support.RedirectAttributes addFlashAttribute(java.lang.String,java.lang.Object)>'
Cannot find sink method '<org.springframework.web.servlet.mvc.support.RedirectAttributes: org.springframework.web.servlet.mvc.support.RedirectAttributes addFlashAttribute(java.lang.String,java.lang.Object)>'
Cannot find sink method '<javax.servlet.http.HttpSession: void setAttribute(java.lang.String,java.lang.Object)>'
Cannot find sink method '<javax.servlet.http.HttpSession: void setAttribute(java.lang.String,java.lang.Object)>'
Cannot find sink method '<com.alibaba.fastjson.JSONObject: java.lang.String toJSONString(java.lang.Object)>'
Cannot find sink method '%<com.favorites.comm.aop.LoggerAdvice: java.lang.String parseParames(java.lang.Object[])>'
Cannot find sink method '<org.apache.commons.lang3.builder.ToStringBuilder: java.lang.String reflectionToString(java.lang.Object)>'
TaintConfig:
sources:
  ParamSource{<synthetic.method.HttpServletRequestImpl: java.lang.Object getAttribute(java.lang.String)>/0(java.lang.String)}
  ParamSource{<com.favorites.domain.User: void setPassWord(java.lang.String)>/0(java.lang.String)}

sinks:
  <java.io.PrintStream: void println(java.lang.String)>/0
  <java.io.PrintStream: void println(java.lang.Object)>/0
  <java.io.ByteArrayOutputStream: void write(byte[],int,int)>/0
  <java.io.ByteArrayOutputStream: void write(byte[],int,int)>/1
  <java.io.ByteArrayOutputStream: void write(byte[],int,int)>/2
  <java.lang.String: java.lang.String replaceFirst(java.lang.String,java.lang.String)>/0
  <java.lang.String: java.lang.String replaceFirst(java.lang.String,java.lang.String)>/1
  <java.lang.Runtime: java.lang.Process exec(java.lang.String)>/0
  <java.net.URL: void set(java.lang.String,java.lang.String,int,java.lang.String,java.lang.String)>/0
  <java.net.URL: void set(java.lang.String,java.lang.String,int,java.lang.String,java.lang.String)>/1
  <java.net.URL: void set(java.lang.String,java.lang.String,int,java.lang.String,java.lang.String)>/2
  <java.net.URL: void set(java.lang.String,java.lang.String,int,java.lang.String,java.lang.String)>/3
  <java.net.URL: void set(java.lang.String,java.lang.String,int,java.lang.String,java.lang.String)>/4
  <java.net.URL: void set(java.lang.String,java.lang.String,int,java.lang.String,java.lang.String,java.lang.String,java.lang.String,java.lang.String)>/0
  <java.net.URL: void set(java.lang.String,java.lang.String,int,java.lang.String,java.lang.String,java.lang.String,java.lang.String,java.lang.String)>/1
  <java.net.URL: void set(java.lang.String,java.lang.String,int,java.lang.String,java.lang.String,java.lang.String,java.lang.String,java.lang.String)>/2
  <java.net.URL: void set(java.lang.String,java.lang.String,int,java.lang.String,java.lang.String,java.lang.String,java.lang.String,java.lang.String)>/3
  <java.net.URL: void set(java.lang.String,java.lang.String,int,java.lang.String,java.lang.String,java.lang.String,java.lang.String,java.lang.String)>/4
  <java.net.URL: void set(java.lang.String,java.lang.String,int,java.lang.String,java.lang.String,java.lang.String,java.lang.String,java.lang.String)>/5
  <java.net.URL: void set(java.lang.String,java.lang.String,int,java.lang.String,java.lang.String,java.lang.String,java.lang.String,java.lang.String)>/6
  <java.net.URL: void set(java.lang.String,java.lang.String,int,java.lang.String,java.lang.String,java.lang.String,java.lang.String,java.lang.String)>/7
  <java.io.OutputStream: void write(byte[])>/0
  <java.io.OutputStream: void write(byte[],int,int)>/0
  <java.io.OutputStream: void write(byte[],int,int)>/1
  <java.io.OutputStream: void write(byte[],int,int)>/2
  <java.io.OutputStream: void write(int)>/0
  <java.io.FileOutputStream: void write(byte[])>/0
  <java.io.FileOutputStream: void write(byte[],int,int)>/0
  <java.io.FileOutputStream: void write(byte[],int,int)>/1
  <java.io.FileOutputStream: void write(byte[],int,int)>/2
  <java.io.FileOutputStream: void write(int)>/0
  <java.io.Writer: void write(char[])>/0
  <java.io.Writer: void write(char[],int,int)>/0
  <java.io.Writer: void write(char[],int,int)>/1
  <java.io.Writer: void write(char[],int,int)>/2
  <java.io.Writer: void write(int)>/0
  <java.io.Writer: void write(java.lang.String)>/0
  <java.io.Writer: void write(java.lang.String,int,int)>/0
  <java.io.Writer: void write(java.lang.String,int,int)>/1
  <java.io.Writer: void write(java.lang.String,int,int)>/2
  <java.io.Writer: java.io.Writer append(java.lang.CharSequence)>/0
  <java.net.Socket: void connect(java.net.SocketAddress)>/0
  <java.io.ObjectOutputStream: void writeObject(java.lang.Object)>/0
  <java.io.PrintWriter: void println(boolean)>/0
  <java.io.PrintWriter: void println(char)>/0
  <java.io.PrintWriter: void println(int)>/0
  <java.io.PrintWriter: void println(long)>/0
  <java.io.PrintWriter: void println(float)>/0
  <java.io.PrintWriter: void println(double)>/0
  <java.io.PrintWriter: void println(char[])>/0
  <java.io.PrintWriter: void println(java.lang.String)>/0
  <java.io.PrintWriter: void println(java.lang.Object)>/0
  <java.io.PrintWriter: java.io.PrintWriter printf(java.lang.String,java.lang.Object[])>/0
  <java.io.PrintWriter: java.io.PrintWriter printf(java.lang.String,java.lang.Object[])>/1
  <java.io.PrintWriter: java.io.PrintWriter printf(java.util.Locale,java.lang.String,java.lang.Object[])>/0
  <java.io.PrintWriter: java.io.PrintWriter printf(java.util.Locale,java.lang.String,java.lang.Object[])>/1
  <java.io.PrintWriter: java.io.PrintWriter printf(java.util.Locale,java.lang.String,java.lang.Object[])>/2
  <java.io.RandomAccessFile: void write(int)>/0
  <java.io.RandomAccessFile: void write0(int)>/0
  <java.io.RandomAccessFile: void writeBytes(byte[],int,int)>/0
  <java.io.RandomAccessFile: void writeBytes(byte[],int,int)>/1
  <java.io.RandomAccessFile: void writeBytes(byte[],int,int)>/2
  <java.io.RandomAccessFile: void write(byte[])>/0
  <java.io.RandomAccessFile: void write(byte[],int,int)>/0
  <java.io.RandomAccessFile: void write(byte[],int,int)>/1
  <java.io.RandomAccessFile: void write(byte[],int,int)>/2
  <java.io.RandomAccessFile: void writeBoolean(boolean)>/0
  <java.io.RandomAccessFile: void writeByte(int)>/0
  <java.io.RandomAccessFile: void writeShort(int)>/0
  <java.io.RandomAccessFile: void writeChar(int)>/0
  <java.io.RandomAccessFile: void writeInt(int)>/0
  <java.io.RandomAccessFile: void writeLong(long)>/0
  <java.io.RandomAccessFile: void writeFloat(float)>/0
  <java.io.RandomAccessFile: void writeDouble(double)>/0
  <java.io.RandomAccessFile: void writeBytes(java.lang.String)>/0
  <java.io.RandomAccessFile: void writeChars(java.lang.String)>/0
  <java.io.RandomAccessFile: void writeUTF(java.lang.String)>/0
  <java.io.RandomAccessFile: void writeUTF(java.lang.String)>/0
  <java.io.Writer: void write(char[])>/0
  <java.io.Writer: void write(java.lang.String)>/0
  <java.io.Writer: void write(int)>/0
  <java.io.Writer: void write(java.lang.String,int,int)>/0
  <java.io.Writer: void write(java.lang.String,int,int)>/1
  <java.io.Writer: void write(java.lang.String,int,int)>/2
  <java.io.Writer: void write(char[])>/0
  <java.io.Writer: void write(char[])>/0
  <java.io.BufferedWriter: void write(int)>/0
  <java.io.BufferedWriter: void write(char[],int,int)>/0
  <java.io.BufferedWriter: void write(char[],int,int)>/1
  <java.io.BufferedWriter: void write(char[],int,int)>/2
  <java.io.BufferedWriter: void write(java.lang.String,int,int)>/0
  <java.io.BufferedWriter: void write(java.lang.String,int,int)>/1
  <java.io.BufferedWriter: void write(java.lang.String,int,int)>/2
  <java.io.OutputStreamWriter: void write(int)>/0
  <java.io.OutputStreamWriter: void write(char[],int,int)>/0
  <java.io.OutputStreamWriter: void write(char[],int,int)>/1
  <java.io.OutputStreamWriter: void write(char[],int,int)>/2
  <java.io.OutputStreamWriter: void write(java.lang.String,int,int)>/0
  <java.io.OutputStreamWriter: void write(java.lang.String,int,int)>/1
  <java.io.OutputStreamWriter: void write(java.lang.String,int,int)>/2
  <java.io.FileOutputStream: void write(int)>/0
  <java.io.FileOutputStream: void write(byte[])>/0
  <java.io.FileOutputStream: void write(byte[],int,int)>/0
  <java.io.FileOutputStream: void write(byte[],int,int)>/1
  <java.io.FileOutputStream: void write(byte[],int,int)>/2
  <java.io.DataOutputStream: void write(int)>/0
  <java.io.DataOutputStream: void write(byte[],int,int)>/0
  <java.io.DataOutputStream: void write(byte[],int,int)>/1
  <java.io.DataOutputStream: void write(byte[],int,int)>/2
  <java.io.DataOutputStream: void writeBoolean(boolean)>/0
  <java.io.DataOutputStream: void writeByte(int)>/0
  <java.io.DataOutputStream: void writeShort(int)>/0
  <java.io.DataOutputStream: void writeChar(int)>/0
  <java.io.DataOutputStream: void writeInt(int)>/0
  <java.io.DataOutputStream: void writeLong(long)>/0
  <java.io.DataOutputStream: void writeFloat(float)>/0
  <java.io.DataOutputStream: void writeDouble(double)>/0
  <java.io.DataOutputStream: void writeBytes(java.lang.String)>/0
  <java.io.DataOutputStream: void writeChars(java.lang.String)>/0
  <java.io.DataOutputStream: void writeUTF(java.lang.String)>/0
  <java.io.DataOutputStream: int writeUTF(java.lang.String,java.io.DataOutput)>/0
  <java.io.DataOutputStream: int writeUTF(java.lang.String,java.io.DataOutput)>/1
  <java.io.DataOutputStream: void writeBytes(java.lang.String)>/0
  <java.io.ObjectOutputStream: void writeUnshared(java.lang.Object)>/0
  <java.io.ObjectOutputStream: void writeClassDescriptor(java.io.ObjectStreamClass)>/0
  <java.io.ObjectOutputStream: void write(int)>/0
  <java.io.ObjectOutputStream: void write(byte[])>/0
  <java.io.ObjectOutputStream: void write(byte[],int,int)>/0
  <java.io.ObjectOutputStream: void write(byte[],int,int)>/1
  <java.io.ObjectOutputStream: void write(byte[],int,int)>/2
  <java.io.ObjectOutputStream: void writeBoolean(boolean)>/0
  <java.io.ObjectOutputStream: void writeByte(int)>/0
  <java.io.ObjectOutputStream: void writeShort(int)>/0
  <java.io.ObjectOutputStream: void writeChar(int)>/0
  <java.io.ObjectOutputStream: void writeInt(int)>/0
  <java.io.ObjectOutputStream: void writeLong(long)>/0
  <java.io.ObjectOutputStream: void writeFloat(float)>/0
  <java.io.ObjectOutputStream: void writeDouble(double)>/0
  <java.io.ObjectOutputStream: void writeBytes(java.lang.String)>/0
  <java.io.ObjectOutputStream: void writeChars(java.lang.String)>/0
  <java.io.ObjectOutputStream: void writeUTF(java.lang.String)>/0
  <java.io.ObjectOutputStream: void writeTypeString(java.lang.String)>/0
  <java.io.ObjectOutputStream: void writeHandle(int)>/0
  <java.io.ObjectOutputStream: void writeClass(java.lang.Class,boolean)>/0
  <java.io.ObjectOutputStream: void writeClass(java.lang.Class,boolean)>/1
  <java.io.ObjectOutputStream: void writeClassDesc(java.io.ObjectStreamClass,boolean)>/0
  <java.io.ObjectOutputStream: void writeClassDesc(java.io.ObjectStreamClass,boolean)>/1
  <java.io.ObjectOutputStream: void writeProxyDesc(java.io.ObjectStreamClass,boolean)>/0
  <java.io.ObjectOutputStream: void writeProxyDesc(java.io.ObjectStreamClass,boolean)>/1
  <java.io.ObjectOutputStream: void writeNonProxyDesc(java.io.ObjectStreamClass,boolean)>/0
  <java.io.ObjectOutputStream: void writeNonProxyDesc(java.io.ObjectStreamClass,boolean)>/1
  <java.io.ObjectOutputStream: void writeString(java.lang.String,boolean)>/0
  <java.io.ObjectOutputStream: void writeString(java.lang.String,boolean)>/1
  <java.io.ObjectOutputStream: void writeArray(java.lang.Object,java.io.ObjectStreamClass,boolean)>/0
  <java.io.ObjectOutputStream: void writeArray(java.lang.Object,java.io.ObjectStreamClass,boolean)>/1
  <java.io.ObjectOutputStream: void writeArray(java.lang.Object,java.io.ObjectStreamClass,boolean)>/2
  <java.io.ObjectOutputStream: void writeEnum(java.lang.Enum,java.io.ObjectStreamClass,boolean)>/0
  <java.io.ObjectOutputStream: void writeEnum(java.lang.Enum,java.io.ObjectStreamClass,boolean)>/1
  <java.io.ObjectOutputStream: void writeEnum(java.lang.Enum,java.io.ObjectStreamClass,boolean)>/2
  <java.io.ObjectOutputStream: void writeOrdinaryObject(java.lang.Object,java.io.ObjectStreamClass,boolean)>/0
  <java.io.ObjectOutputStream: void writeOrdinaryObject(java.lang.Object,java.io.ObjectStreamClass,boolean)>/1
  <java.io.ObjectOutputStream: void writeOrdinaryObject(java.lang.Object,java.io.ObjectStreamClass,boolean)>/2
  <java.io.ObjectOutputStream: void writeExternalData(java.io.Externalizable)>/0
  <java.io.ObjectOutputStream: void writeSerialData(java.lang.Object,java.io.ObjectStreamClass)>/0
  <java.io.ObjectOutputStream: void writeSerialData(java.lang.Object,java.io.ObjectStreamClass)>/1
  <java.io.ObjectOutputStream: void writeFatalException(java.io.IOException)>/0
  <java.io.ObjectOutputStream: void writeObject(java.lang.Object)>/0
  <java.io.ObjectOutputStream: void writeObjectOverride(java.lang.Object)>/0
  <java.io.ObjectOutputStream: void writeObject0(java.lang.Object,boolean)>/0
  <java.io.ObjectOutputStream: void writeObject0(java.lang.Object,boolean)>/1
  <java.io.ObjectOutputStream: void defaultWriteFields(java.lang.Object,java.io.ObjectStreamClass)>/0
  <java.io.ObjectOutputStream: void defaultWriteFields(java.lang.Object,java.io.ObjectStreamClass)>/1
  <java.io.ObjectOutputStream: void writeObject(java.lang.Object)>/0
  <java.io.ObjectOutputStream: void writeObjectOverride(java.lang.Object)>/0
  <java.io.ObjectOutputStream: void writeObject0(java.lang.Object,boolean)>/0
  <java.io.ObjectOutputStream: void writeObject0(java.lang.Object,boolean)>/1
  <java.io.PrintStream: void println(boolean)>/0
  <java.io.PrintStream: void println(char)>/0
  <java.io.PrintStream: void println(int)>/0
  <java.io.PrintStream: void println(long)>/0
  <java.io.PrintStream: void println(float)>/0
  <java.io.PrintStream: void println(double)>/0
  <java.io.PrintStream: void println(char[])>/0
  <java.io.PrintStream: void println(java.lang.String)>/0
  <java.io.PrintStream: void println(java.lang.Object)>/0

transfers:
  <java.lang.String: java.lang.String concat(java.lang.String)>: base -> result(java.lang.String)
  <java.lang.String: java.lang.String concat(java.lang.String)>: 0 -> result(java.lang.String)
  <java.lang.String: char[] toCharArray()>: base -> result(char[])
  <java.lang.String: void <init>(char[])>: 0 -> base(java.lang.String)
  <java.lang.String: void getChars(int,int,char[],int)>: base -> 2(char[])
  <java.lang.String: java.lang.String format(java.lang.String,java.lang.Object[])>: 1[*] -> result(java.lang.String)
  <java.lang.StringBuffer: void <init>(java.lang.String)>: 0 -> base(java.lang.StringBuffer)
  <java.lang.StringBuffer: java.lang.StringBuffer append(java.lang.String)>: 0 -> base(java.lang.StringBuffer)
  <java.lang.StringBuffer: java.lang.StringBuffer append(java.lang.String)>: 0 -> result(java.lang.StringBuffer)
  <java.lang.StringBuffer: java.lang.StringBuffer append(java.lang.String)>: base -> result(java.lang.StringBuffer)
  <java.lang.StringBuffer: java.lang.String toString()>: base -> result(java.lang.String)
  <java.lang.StringBuilder: void <init>(java.lang.String)>: 0 -> base(java.lang.StringBuilder)
  <java.lang.StringBuilder: java.lang.StringBuilder append(java.lang.String)>: 0 -> base(java.lang.StringBuilder)
  <java.lang.StringBuilder: java.lang.StringBuilder append(java.lang.String)>: 0 -> result(java.lang.StringBuilder)
  <java.lang.StringBuilder: java.lang.StringBuilder append(java.lang.String)>: base -> result(java.lang.StringBuilder)
  <java.lang.StringBuilder: java.lang.String toString()>: base -> result(java.lang.String)

